#
# There is insufficient memory for the Java Runtime Environment to continue.
# Native memory allocation (mmap) failed to map 192413696 bytes for committing reserved memory.
# Possible reasons:
#   The system is out of physical RAM or swap space
#   In 32 bit mode, the process size limit was hit
# Possible solutions:
#   Reduce memory load on the system
#   Increase physical memory or swap space
#   Check if swap backing store is full
#   Use 64 bit Java on a 64 bit OS
#   Decrease Java heap size (-Xmx/-Xms)
#   Decrease number of Java threads
#   Decrease Java thread stack sizes (-Xss)
#   Set larger code cache with -XX:ReservedCodeCacheSize=
# This output file may be truncated or incomplete.
#
#  Out of Memory Error (os_linux.cpp:2640), pid=25642, tid=0x00007f6fe1b0b700
#
# JRE version: Java(TM) SE Runtime Environment (8.0_151-b12) (build 1.8.0_151-b12)
# Java VM: Java HotSpot(TM) 64-Bit Server VM (25.151-b12 mixed mode linux-amd64 compressed oops)
# Failed to write core dump. Core dumps have been disabled. To enable core dumping, try "ulimit -c unlimited" before starting Java again
#

---------------  T H R E A D  ---------------

Current thread (0x00007f7018276000):  VMThread [stack: 0x00007f6fe1a0b000,0x00007f6fe1b0c000] [id=25652]

Stack: [0x00007f6fe1a0b000,0x00007f6fe1b0c000],  sp=0x00007f6fe1b0a250,  free space=1020k
Native frames: (J=compiled Java code, j=interpreted, Vv=VM code, C=native code)
V  [libjvm.so+0xacb58a]  VMError::report_and_die()+0x2ba
V  [libjvm.so+0x4ff4ab]  report_vm_out_of_memory(char const*, int, unsigned long, VMErrorType, char const*)+0x8b
V  [libjvm.so+0x928113]  os::Linux::commit_memory_impl(char*, unsigned long, bool)+0x103
V  [libjvm.so+0x928669]  os::pd_commit_memory(char*, unsigned long, unsigned long, bool)+0x29
V  [libjvm.so+0x92288a]  os::commit_memory(char*, unsigned long, unsigned long, bool)+0x2a
V  [libjvm.so+0x9973e3]  PSVirtualSpace::expand_by(unsigned long)+0x53
V  [libjvm.so+0x987ca0]  PSOldGen::expand(unsigned long)+0x170
V  [libjvm.so+0x987eab]  PSOldGen::resize(unsigned long)+0x1cb
V  [libjvm.so+0x98fbb1]  PSParallelCompact::invoke_no_policy(bool)+0x991
V  [libjvm.so+0x99550d]  PSScavenge::invoke()+0x1ad
V  [libjvm.so+0x94c0d0]  ParallelScavengeHeap::failed_mem_allocate(unsigned long)+0x70
V  [libjvm.so+0xaccfa7]  VM_ParallelGCFailedAllocation::doit()+0x97
V  [libjvm.so+0xad4a85]  VM_Operation::evaluate()+0x55
V  [libjvm.so+0xad2e5a]  VMThread::evaluate_operation(VM_Operation*)+0xba
V  [libjvm.so+0xad31de]  VMThread::loop()+0x1ce
V  [libjvm.so+0xad3650]  VMThread::run()+0x70
V  [libjvm.so+0x92a728]  java_start(Thread*)+0x108

VM_Operation (0x00007f7022c0b230): ParallelGCFailedAllocation, mode: safepoint, requested by thread 0x00007f7018009800


---------------  P R O C E S S  ---------------

Java Threads: ( => current thread )
  0x00007f70182c9000 JavaThread "Service Thread" daemon [_thread_blocked, id=25660, stack(0x00007f6fe0da6000,0x00007f6fe0ea7000)]
  0x00007f70182bd800 JavaThread "C1 CompilerThread3" daemon [_thread_blocked, id=25659, stack(0x00007f6fe0ea7000,0x00007f6fe0fa8000)]
  0x00007f70182bb800 JavaThread "C2 CompilerThread2" daemon [_thread_blocked, id=25658, stack(0x00007f6fe0fa8000,0x00007f6fe10a9000)]
  0x00007f70182b9800 JavaThread "C2 CompilerThread1" daemon [_thread_blocked, id=25657, stack(0x00007f6fe10a9000,0x00007f6fe11aa000)]
  0x00007f70182b6800 JavaThread "C2 CompilerThread0" daemon [_thread_blocked, id=25656, stack(0x00007f6fe11aa000,0x00007f6fe12ab000)]
  0x00007f70182b5800 JavaThread "Signal Dispatcher" daemon [_thread_blocked, id=25655, stack(0x00007f6fe12ab000,0x00007f6fe13ac000)]
  0x00007f7018282000 JavaThread "Finalizer" daemon [_thread_blocked, id=25654, stack(0x00007f6fe1809000,0x00007f6fe190a000)]
  0x00007f701827d800 JavaThread "Reference Handler" daemon [_thread_blocked, id=25653, stack(0x00007f6fe190a000,0x00007f6fe1a0b000)]
  0x00007f7018009800 JavaThread "main" [_thread_blocked, id=25643, stack(0x00007f7022b0c000,0x00007f7022c0d000)]

Other Threads:
=>0x00007f7018276000 VMThread [stack: 0x00007f6fe1a0b000,0x00007f6fe1b0c000] [id=25652]
  0x00007f70182cc000 WatcherThread [stack: 0x00007f6fe0ca5000,0x00007f6fe0da6000] [id=25661]

VM state:at safepoint (normal execution)

VM Mutex/Monitor currently owned by a thread:  ([mutex/lock_event])
[0x00007f701800e740] ExpandHeap_lock - owner thread: 0x00007f7018276000
[0x00007f701800edc0] Threads_lock - owner thread: 0x00007f7018276000
[0x00007f701800f2c0] Heap_lock - owner thread: 0x00007f7018009800

Heap:
 PSYoungGen      total 564224K, used 13191K [0x00000000d5580000, 0x0000000100000000, 0x0000000100000000)
  eden space 461312K, 0% used [0x00000000d5580000,0x00000000d5580000,0x00000000f1800000)
  from space 102912K, 12% used [0x00000000f9b80000,0x00000000fa861eb0,0x0000000100000000)
  to   space 118784K, 0% used [0x00000000f1800000,0x00000000f1800000,0x00000000f8c00000)
 ParOldGen       total 309248K, used 308997K [0x0000000080000000, 0x0000000092e00000, 0x00000000d5580000)
  object space 309248K, 99% used [0x0000000080000000,0x0000000092dc1648,0x0000000092e00000)
 Metaspace       used 4222K, capacity 5012K, committed 5120K, reserved 1056768K
  class space    used 436K, capacity 464K, committed 512K, reserved 1048576K

Card table byte_map: [0x00007f701c10c000,0x00007f701c50d000] byte_map_base: 0x00007f701bd0c000

Marking Bits: (ParMarkBitMap*) 0x00007f701e72ef80
 Begin Bits: [0x00007f6fe8000000, 0x00007f6fea000000)
 End Bits:   [0x00007f6fea000000, 0x00007f6fec000000)

Polling page: 0x00007f7022c44000

CodeCache: size=245760Kb used=4555Kb max_used=4561Kb free=241204Kb
 bounds [0x00007f7009000000, 0x00007f7009480000, 0x00007f7018000000]
 total_blobs=937 nmethods=675 adapters=176
 compilation: enabled

Compilation events (10 events):
Event: 17.417 Thread 0x00007f70182bb800 nmethod 669% 0x00007f7009474c10 code [0x00007f7009474dc0, 0x00007f7009475428]
Event: 17.418 Thread 0x00007f70182b6800 nmethod 670% 0x00007f7009441e10 code [0x00007f7009441f60, 0x00007f7009442118]
Event: 17.430 Thread 0x00007f70182bd800  675       3       java.lang.Math::max (45 bytes)
Event: 17.430 Thread 0x00007f70182bd800 nmethod 675 0x00007f7009476b90 code [0x00007f7009476d00, 0x00007f7009477050]
Event: 17.435 Thread 0x00007f70182bd800  676       3       java.lang.StringBuilder::append (8 bytes)
Event: 17.435 Thread 0x00007f70182bd800 nmethod 676 0x00007f7009476490 code [0x00007f7009476620, 0x00007f7009476998]
Event: 17.435 Thread 0x00007f70182bd800  677       3       java.lang.AbstractStringBuilder::append (7 bytes)
Event: 17.435 Thread 0x00007f70182bd800 nmethod 677 0x00007f7009475e50 code [0x00007f7009475fe0, 0x00007f70094762f8]
Event: 17.435 Thread 0x00007f70182bd800  678       3       java.util.ArrayList$SubList$1::hasNext (20 bytes)
Event: 17.435 Thread 0x00007f70182bd800 nmethod 678 0x00007f7009468750 code [0x00007f70094688c0, 0x00007f7009468a70]

GC Heap History (10 events):
Event: 6.470 GC heap after
Heap after GC invocations=14 (full 2):
 PSYoungGen      total 586752K, used 58360K [0x00000000d5580000, 0x00000000ff480000, 0x0000000100000000)
  eden space 528384K, 0% used [0x00000000d5580000,0x00000000d5580000,0x00000000f5980000)
  from space 58368K, 99% used [0x00000000fa000000,0x00000000fd8fe220,0x00000000fd900000)
  to   space 72192K, 0% used [0x00000000f5980000,0x00000000f5980000,0x00000000fa000000)
 ParOldGen       total 287744K, used 175425K [0x0000000080000000, 0x0000000091900000, 0x00000000d5580000)
  object space 287744K, 60% used [0x0000000080000000,0x000000008ab50790,0x0000000091900000)
 Metaspace       used 3712K, capacity 4844K, committed 5120K, reserved 1056768K
  class space    used 387K, capacity 424K, committed 512K, reserved 1048576K
}
Event: 7.970 GC heap before
{Heap before GC invocations=15 (full 2):
 PSYoungGen      total 586752K, used 586744K [0x00000000d5580000, 0x00000000ff480000, 0x0000000100000000)
  eden space 528384K, 100% used [0x00000000d5580000,0x00000000f5980000,0x00000000f5980000)
  from space 58368K, 99% used [0x00000000fa000000,0x00000000fd8fe220,0x00000000fd900000)
  to   space 72192K, 0% used [0x00000000f5980000,0x00000000f5980000,0x00000000fa000000)
 ParOldGen       total 287744K, used 175425K [0x0000000080000000, 0x0000000091900000, 0x00000000d5580000)
  object space 287744K, 60% used [0x0000000080000000,0x000000008ab50790,0x0000000091900000)
 Metaspace       used 3712K, capacity 4844K, committed 5120K, reserved 1056768K
  class space    used 387K, capacity 424K, committed 512K, reserved 1048576K
Event: 8.039 GC heap after
Heap after GC invocations=15 (full 2):
 PSYoungGen      total 600576K, used 72168K [0x00000000d5580000, 0x0000000100000000, 0x0000000100000000)
  eden space 528384K, 0% used [0x00000000d5580000,0x00000000d5580000,0x00000000f5980000)
  from space 72192K, 99% used [0x00000000f5980000,0x00000000f9ffa230,0x00000000fa000000)
  to   space 90624K, 0% used [0x00000000fa780000,0x00000000fa780000,0x0000000100000000)
 ParOldGen       total 287744K, used 195593K [0x0000000080000000, 0x0000000091900000, 0x00000000d5580000)
  object space 287744K, 67% used [0x0000000080000000,0x000000008bf02790,0x0000000091900000)
 Metaspace       used 3712K, capacity 4844K, committed 5120K, reserved 1056768K
  class space    used 387K, capacity 424K, committed 512K, reserved 1048576K
}
Event: 10.054 GC heap before
{Heap before GC invocations=16 (full 2):
 PSYoungGen      total 600576K, used 600552K [0x00000000d5580000, 0x0000000100000000, 0x0000000100000000)
  eden space 528384K, 100% used [0x00000000d5580000,0x00000000f5980000,0x00000000f5980000)
  from space 72192K, 99% used [0x00000000f5980000,0x00000000f9ffa230,0x00000000fa000000)
  to   space 90624K, 0% used [0x00000000fa780000,0x00000000fa780000,0x0000000100000000)
 ParOldGen       total 287744K, used 195593K [0x0000000080000000, 0x0000000091900000, 0x00000000d5580000)
  object space 287744K, 67% used [0x0000000080000000,0x000000008bf02790,0x0000000091900000)
 Metaspace       used 3712K, capacity 4844K, committed 5120K, reserved 1056768K
  class space    used 387K, capacity 424K, committed 512K, reserved 1048576K
Event: 10.126 GC heap after
Heap after GC invocations=16 (full 2):
 PSYoungGen      total 583680K, used 85700K [0x00000000d5580000, 0x0000000100000000, 0x0000000100000000)
  eden space 493056K, 0% used [0x00000000d5580000,0x00000000d5580000,0x00000000f3700000)
  from space 90624K, 94% used [0x00000000fa780000,0x00000000ffb31300,0x0000000100000000)
  to   space 102912K, 0% used [0x00000000f3700000,0x00000000f3700000,0x00000000f9b80000)
 ParOldGen       total 287744K, used 221550K [0x0000000080000000, 0x0000000091900000, 0x00000000d5580000)
  object space 287744K, 76% used [0x0000000080000000,0x000000008d85b820,0x0000000091900000)
 Metaspace       used 3712K, capacity 4844K, committed 5120K, reserved 1056768K
  class space    used 387K, capacity 424K, committed 512K, reserved 1048576K
}
Event: 16.514 GC heap before
{Heap before GC invocations=17 (full 2):
 PSYoungGen      total 583680K, used 578756K [0x00000000d5580000, 0x0000000100000000, 0x0000000100000000)
  eden space 493056K, 100% used [0x00000000d5580000,0x00000000f3700000,0x00000000f3700000)
  from space 90624K, 94% used [0x00000000fa780000,0x00000000ffb31300,0x0000000100000000)
  to   space 102912K, 0% used [0x00000000f3700000,0x00000000f3700000,0x00000000f9b80000)
 ParOldGen       total 287744K, used 221550K [0x0000000080000000, 0x0000000091900000, 0x00000000d5580000)
  object space 287744K, 76% used [0x0000000080000000,0x000000008d85b820,0x0000000091900000)
 Metaspace       used 4157K, capacity 4948K, committed 5120K, reserved 1056768K
  class space    used 436K, capacity 464K, committed 512K, reserved 1048576K
Event: 16.605 GC heap after
Heap after GC invocations=17 (full 2):
 PSYoungGen      total 595968K, used 102900K [0x00000000d5580000, 0x0000000100000000, 0x0000000100000000)
  eden space 493056K, 0% used [0x00000000d5580000,0x00000000d5580000,0x00000000f3700000)
  from space 102912K, 99% used [0x00000000f3700000,0x00000000f9b7d310,0x00000000f9b80000)
  to   space 102912K, 0% used [0x00000000f9b80000,0x00000000f9b80000,0x0000000100000000)
 ParOldGen       total 287744K, used 230398K [0x0000000080000000, 0x0000000091900000, 0x00000000d5580000)
  object space 287744K, 80% used [0x0000000080000000,0x000000008e0ffb20,0x0000000091900000)
 Metaspace       used 4157K, capacity 4948K, committed 5120K, reserved 1056768K
  class space    used 436K, capacity 464K, committed 512K, reserved 1048576K
}
Event: 17.448 GC heap before
{Heap before GC invocations=18 (full 2):
 PSYoungGen      total 595968K, used 595956K [0x00000000d5580000, 0x0000000100000000, 0x0000000100000000)
  eden space 493056K, 100% used [0x00000000d5580000,0x00000000f3700000,0x00000000f3700000)
  from space 102912K, 99% used [0x00000000f3700000,0x00000000f9b7d310,0x00000000f9b80000)
  to   space 102912K, 0% used [0x00000000f9b80000,0x00000000f9b80000,0x0000000100000000)
 ParOldGen       total 287744K, used 230398K [0x0000000080000000, 0x0000000091900000, 0x00000000d5580000)
  object space 287744K, 80% used [0x0000000080000000,0x000000008e0ffb20,0x0000000091900000)
 Metaspace       used 4222K, capacity 5012K, committed 5120K, reserved 1056768K
  class space    used 436K, capacity 464K, committed 512K, reserved 1048576K
Event: 17.516 GC heap after
Heap after GC invocations=18 (full 2):
 PSYoungGen      total 564224K, used 26640K [0x00000000d5580000, 0x0000000100000000, 0x0000000100000000)
  eden space 461312K, 0% used [0x00000000d5580000,0x00000000d5580000,0x00000000f1800000)
  from space 102912K, 25% used [0x00000000f9b80000,0x00000000fb584010,0x0000000100000000)
  to   space 118784K, 0% used [0x00000000f1800000,0x00000000f1800000,0x00000000f8c00000)
 ParOldGen       total 309248K, used 307375K [0x0000000080000000, 0x0000000092e00000, 0x00000000d5580000)
  object space 309248K, 99% used [0x0000000080000000,0x0000000092c2be70,0x0000000092e00000)
 Metaspace       used 4222K, capacity 5012K, committed 5120K, reserved 1056768K
  class space    used 436K, capacity 464K, committed 512K, reserved 1048576K
}
Event: 17.516 GC heap before
{Heap before GC invocations=19 (full 3):
 PSYoungGen      total 564224K, used 26640K [0x00000000d5580000, 0x0000000100000000, 0x0000000100000000)
  eden space 461312K, 0% used [0x00000000d5580000,0x00000000d5580000,0x00000000f1800000)
  from space 102912K, 25% used [0x00000000f9b80000,0x00000000fb584010,0x0000000100000000)
  to   space 118784K, 0% used [0x00000000f1800000,0x00000000f1800000,0x00000000f8c00000)
 ParOldGen       total 309248K, used 307375K [0x0000000080000000, 0x0000000092e00000, 0x00000000d5580000)
  object space 309248K, 99% used [0x0000000080000000,0x0000000092c2be70,0x0000000092e00000)
 Metaspace       used 4222K, capacity 5012K, committed 5120K, reserved 1056768K
  class space    used 436K, capacity 464K, committed 512K, reserved 1048576K

Deoptimization events (10 events):
Event: 16.290 Thread 0x00007f7018009800 Uncommon trap: reason=bimorphic action=maybe_recompile pc=0x00007f70091e9f54 method=sun.nio.cs.StreamDecoder.inReady()Z @ 11
Event: 16.323 Thread 0x00007f7018009800 Uncommon trap: reason=bimorphic action=maybe_recompile pc=0x00007f70091e9f54 method=sun.nio.cs.StreamDecoder.inReady()Z @ 11
Event: 16.422 Thread 0x00007f7018009800 Uncommon trap: reason=predicate action=maybe_recompile pc=0x00007f700932e458 method=edu.cmu.meteor.aligner.ParaphraseMatcher.match(ILedu/cmu/meteor/aligner/Alignment;Ledu/cmu/meteor/aligner/Stage;Ledu/cmu/meteor/aligner/ParaphraseTransducer;)V @ 183
Event: 16.507 Thread 0x00007f7018009800 Uncommon trap: reason=bimorphic action=maybe_recompile pc=0x00007f700924cd5c method=java.util.HashMap.getNode(ILjava/lang/Object;)Ljava/util/HashMap$Node; @ 59
Event: 16.507 Thread 0x00007f7018009800 Uncommon trap: reason=bimorphic action=maybe_recompile pc=0x00007f700924cd5c method=java.util.HashMap.getNode(ILjava/lang/Object;)Ljava/util/HashMap$Node; @ 59
Event: 16.507 Thread 0x00007f7018009800 Uncommon trap: reason=bimorphic action=maybe_recompile pc=0x00007f700924cd5c method=java.util.HashMap.getNode(ILjava/lang/Object;)Ljava/util/HashMap$Node; @ 59
Event: 16.507 Thread 0x00007f7018009800 Uncommon trap: reason=bimorphic action=maybe_recompile pc=0x00007f700924cd5c method=java.util.HashMap.getNode(ILjava/lang/Object;)Ljava/util/HashMap$Node; @ 59
Event: 16.507 Thread 0x00007f7018009800 Uncommon trap: reason=bimorphic action=maybe_recompile pc=0x00007f700924d7d0 method=java.util.HashMap.getNode(ILjava/lang/Object;)Ljava/util/HashMap$Node; @ 59
Event: 17.056 Thread 0x00007f7018009800 Uncommon trap: reason=unstable_if action=reinterpret pc=0x00007f70093b0f60 method=edu.cmu.meteor.aligner.SynonymMatcher.match(ILedu/cmu/meteor/aligner/Alignment;Ledu/cmu/meteor/aligner/Stage;Ledu/cmu/meteor/aligner/SynonymDictionary;)V @ 302
Event: 17.079 Thread 0x00007f7018009800 Uncommon trap: reason=range_check action=make_not_entrant pc=0x00007f70093fddd8 method=java.lang.String.charAt(I)C @ 27

Internal exceptions (9 events):
Event: 0.023 Thread 0x00007f7018009800 Exception <a 'java/lang/NoSuchMethodError': Method sun.misc.Unsafe.defineClass(Ljava/lang/String;[BII)Ljava/lang/Class; name or signature does not match> (0x00000000d5587ca8) thrown at [/HUDSON/workspace/8-2-build-linux-amd64/jdk8u151/9699/hotspot/src/sha
Event: 0.023 Thread 0x00007f7018009800 Exception <a 'java/lang/NoSuchMethodError': Method sun.misc.Unsafe.prefetchRead(Ljava/lang/Object;J)V name or signature does not match> (0x00000000d5587f90) thrown at [/HUDSON/workspace/8-2-build-linux-amd64/jdk8u151/9699/hotspot/src/share/vm/prims/jni.cp
Event: 0.118 Thread 0x00007f7018009800 Exception <a 'java/security/PrivilegedActionException'> (0x00000000d56b8ee8) thrown at [/HUDSON/workspace/8-2-build-linux-amd64/jdk8u151/9699/hotspot/src/share/vm/prims/jvm.cpp, line 1390]
Event: 0.118 Thread 0x00007f7018009800 Exception <a 'java/security/PrivilegedActionException'> (0x00000000d56b92e0) thrown at [/HUDSON/workspace/8-2-build-linux-amd64/jdk8u151/9699/hotspot/src/share/vm/prims/jvm.cpp, line 1390]
Event: 0.118 Thread 0x00007f7018009800 Exception <a 'java/security/PrivilegedActionException'> (0x00000000d56bb930) thrown at [/HUDSON/workspace/8-2-build-linux-amd64/jdk8u151/9699/hotspot/src/share/vm/prims/jvm.cpp, line 1390]
Event: 0.118 Thread 0x00007f7018009800 Exception <a 'java/security/PrivilegedActionException'> (0x00000000d56bbd28) thrown at [/HUDSON/workspace/8-2-build-linux-amd64/jdk8u151/9699/hotspot/src/share/vm/prims/jvm.cpp, line 1390]
Event: 16.012 Thread 0x00007f7018009800 Implicit null exception at 0x00007f70092504b2 to 0x00007f7009250815
Event: 16.012 Thread 0x00007f7018009800 Implicit null exception at 0x00007f7009250e13 to 0x00007f7009251091
Event: 16.012 Thread 0x00007f7018009800 Implicit null exception at 0x00007f700924ad42 to 0x00007f700924af99

Events (10 events):
Event: 17.204 Thread 0x00007f7018009800 DEOPT UNPACKING pc=0x00007f7009047633 sp=0x00007f7022c0b138 mode 0
Event: 17.208 Thread 0x00007f7018009800 DEOPT PACKING pc=0x00007f70093f811c sp=0x00007f7022c0b300
Event: 17.208 Thread 0x00007f7018009800 DEOPT UNPACKING pc=0x00007f7009047633 sp=0x00007f7022c0b138 mode 0
Event: 17.211 Thread 0x00007f7018009800 DEOPT PACKING pc=0x00007f70093f811c sp=0x00007f7022c0b300
Event: 17.211 Thread 0x00007f7018009800 DEOPT UNPACKING pc=0x00007f7009047633 sp=0x00007f7022c0b138 mode 0
Event: 17.390 Thread 0x00007f7018009800 DEOPT PACKING pc=0x00007f70093906a6 sp=0x00007f7022c0b3b0
Event: 17.390 Thread 0x00007f7018009800 DEOPT UNPACKING pc=0x00007f7009047633 sp=0x00007f7022c0b120 mode 0
Event: 17.404 Thread 0x00007f7018009800 DEOPT PACKING pc=0x00007f7009329fd3 sp=0x00007f7022c0b350
Event: 17.404 Thread 0x00007f7018009800 DEOPT UNPACKING pc=0x00007f7009047633 sp=0x00007f7022c0b140 mode 0
Event: 17.448 Executing VM operation: ParallelGCFailedAllocation


Dynamic libraries:
00400000-00401000 r-xp 00000000 08:12 3301845                            /usr/lib/jvm/java-8-oracle/jre/bin/java
00600000-00601000 rw-p 00000000 08:12 3301845                            /usr/lib/jvm/java-8-oracle/jre/bin/java
01808000-018f4000 rw-p 00000000 00:00 0                                  [heap]
80000000-92e00000 rw-p 00000000 00:00 0 
9e580000-d5580000 ---p 00000000 00:00 0 
d5580000-100000000 rw-p 00000000 00:00 0 
100000000-100080000 rw-p 00000000 00:00 0 
100080000-140000000 ---p 00000000 00:00 0 
7f6fb4000000-7f6fb4021000 rw-p 00000000 00:00 0 
7f6fb4021000-7f6fb8000000 ---p 00000000 00:00 0 
7f6fbc000000-7f6fbc4f6000 rw-p 00000000 00:00 0 
7f6fbc4f6000-7f6fc0000000 ---p 00000000 00:00 0 
7f6fc0000000-7f6fc0021000 rw-p 00000000 00:00 0 
7f6fc0021000-7f6fc4000000 ---p 00000000 00:00 0 
7f6fc4000000-7f6fc5386000 rw-p 00000000 00:00 0 
7f6fc5386000-7f6fc8000000 ---p 00000000 00:00 0 
7f6fc8000000-7f6fc9185000 rw-p 00000000 00:00 0 
7f6fc9185000-7f6fcc000000 ---p 00000000 00:00 0 
7f6fcc000000-7f6fcc021000 rw-p 00000000 00:00 0 
7f6fcc021000-7f6fd0000000 ---p 00000000 00:00 0 
7f6fd0000000-7f6fd10fe000 rw-p 00000000 00:00 0 
7f6fd10fe000-7f6fd4000000 ---p 00000000 00:00 0 
7f6fd4000000-7f6fd4021000 rw-p 00000000 00:00 0 
7f6fd4021000-7f6fd8000000 ---p 00000000 00:00 0 
7f6fd8000000-7f6fd8021000 rw-p 00000000 00:00 0 
7f6fd8021000-7f6fdc000000 ---p 00000000 00:00 0 
7f6fdc000000-7f6fdc290000 rw-p 00000000 00:00 0 
7f6fdc290000-7f6fe0000000 ---p 00000000 00:00 0 
7f6fe05db000-7f6fe05e3000 rw-p 00000000 00:00 0 
7f6fe0702000-7f6fe0be2000 rw-p 00000000 00:00 0 
7f6fe0be5000-7f6fe0ca5000 rw-p 00000000 00:00 0 
7f6fe0ca5000-7f6fe0ca6000 ---p 00000000 00:00 0 
7f6fe0ca6000-7f6fe0da6000 rw-p 00000000 00:00 0 
7f6fe0da6000-7f6fe0da9000 ---p 00000000 00:00 0 
7f6fe0da9000-7f6fe0ea7000 rw-p 00000000 00:00 0 
7f6fe0ea7000-7f6fe0eaa000 ---p 00000000 00:00 0 
7f6fe0eaa000-7f6fe0fa8000 rw-p 00000000 00:00 0 
7f6fe0fa8000-7f6fe0fab000 ---p 00000000 00:00 0 
7f6fe0fab000-7f6fe10a9000 rw-p 00000000 00:00 0 
7f6fe10a9000-7f6fe10ac000 ---p 00000000 00:00 0 
7f6fe10ac000-7f6fe11aa000 rw-p 00000000 00:00 0 
7f6fe11aa000-7f6fe11ad000 ---p 00000000 00:00 0 
7f6fe11ad000-7f6fe12ab000 rw-p 00000000 00:00 0 
7f6fe12ab000-7f6fe12ae000 ---p 00000000 00:00 0 
7f6fe12ae000-7f6fe13ac000 rw-p 00000000 00:00 0 
7f6fe13ac000-7f6fe1809000 r--p 00000000 08:12 6555245                    /usr/lib/locale/locale-archive
7f6fe1809000-7f6fe180c000 ---p 00000000 00:00 0 
7f6fe180c000-7f6fe190a000 rw-p 00000000 00:00 0 
7f6fe190a000-7f6fe190d000 ---p 00000000 00:00 0 
7f6fe190d000-7f6fe1a0b000 rw-p 00000000 00:00 0 
7f6fe1a0b000-7f6fe1a0c000 ---p 00000000 00:00 0 
7f6fe1a0c000-7f6fe3627000 rw-p 00000000 00:00 0 
7f6fe3627000-7f6fe3800000 r--s 03d5a000 08:12 3423611                    /usr/lib/jvm/java-8-oracle/jre/lib/rt.jar
7f6fe3800000-7f6fe3c80000 rw-p 00000000 00:00 0 
7f6fe3c80000-7f6fe4000000 ---p 00000000 00:00 0 
7f6fe4000000-7f6fe4108000 rw-p 00000000 00:00 0 
7f6fe4108000-7f6fe8000000 ---p 00000000 00:00 0 
7f6fe8000000-7f6fec000000 rw-p 00000000 00:00 0 
7f6fec000000-7f6fec021000 rw-p 00000000 00:00 0 
7f6fec021000-7f6ff0000000 ---p 00000000 00:00 0 
7f6ff0000000-7f6ff0021000 rw-p 00000000 00:00 0 
7f6ff0021000-7f6ff4000000 ---p 00000000 00:00 0 
7f6ff4000000-7f6ff4247000 rw-p 00000000 00:00 0 
7f6ff4247000-7f6ff8000000 ---p 00000000 00:00 0 
7f6ff8000000-7f6ff8021000 rw-p 00000000 00:00 0 
7f6ff8021000-7f6ffc000000 ---p 00000000 00:00 0 
7f6ffc000000-7f6ffc021000 rw-p 00000000 00:00 0 
7f6ffc021000-7f7000000000 ---p 00000000 00:00 0 
7f7000000000-7f7000297000 rw-p 00000000 00:00 0 
7f7000297000-7f7004000000 ---p 00000000 00:00 0 
7f7004000000-7f7004021000 rw-p 00000000 00:00 0 
7f7004021000-7f7008000000 ---p 00000000 00:00 0 
7f7008007000-7f700854d000 rw-p 00000000 00:00 0 
7f700854d000-7f700854e000 ---p 00000000 00:00 0 
7f700854e000-7f700864e000 rw-p 00000000 00:00 0 
7f700864e000-7f700864f000 ---p 00000000 00:00 0 
7f700864f000-7f700874f000 rw-p 00000000 00:00 0 
7f700874f000-7f7008750000 ---p 00000000 00:00 0 
7f7008750000-7f7008850000 rw-p 00000000 00:00 0 
7f7008850000-7f7008851000 ---p 00000000 00:00 0 
7f7008851000-7f7008951000 rw-p 00000000 00:00 0 
7f7008951000-7f7008952000 ---p 00000000 00:00 0 
7f7008952000-7f7008a52000 rw-p 00000000 00:00 0 
7f7008a52000-7f7008a53000 ---p 00000000 00:00 0 
7f7008a53000-7f7008b53000 rw-p 00000000 00:00 0 
7f7008b53000-7f7008b54000 ---p 00000000 00:00 0 
7f7008b54000-7f7008c54000 rw-p 00000000 00:00 0 
7f7008c54000-7f7008c55000 ---p 00000000 00:00 0 
7f7008c55000-7f7008dec000 rw-p 00000000 00:00 0 
7f7008dec000-7f7009000000 ---p 00000000 00:00 0 
7f7009000000-7f7009480000 rwxp 00000000 00:00 0 
7f7009480000-7f7018000000 ---p 00000000 00:00 0 
7f7018000000-7f70185f0000 rw-p 00000000 00:00 0 
7f70185f0000-7f701c000000 ---p 00000000 00:00 0 
7f701c001000-7f701c004000 r--s 00604000 08:12 7009301                    /home/abawi/PycharmProjects/THESIS/NEW/libraries/E2Emetrics-0.1/e2emetrics/pycocoevalcap/meteor/meteor-1.5.jar
7f701c004000-7f701c1a3000 rw-p 00000000 00:00 0 
7f701c1a3000-7f701c3b6000 ---p 00000000 00:00 0 
7f701c3b6000-7f701c50c000 rw-p 00000000 00:00 0 
7f701c50c000-7f701c51f000 rw-p 00000000 00:00 0 
7f701c51f000-7f701c8cd000 ---p 00000000 00:00 0 
7f701c8cd000-7f701c8e8000 r-xp 00000000 08:12 4730353                    /usr/lib/jvm/java-8-oracle/jre/lib/amd64/libzip.so
7f701c8e8000-7f701cae8000 ---p 0001b000 08:12 4730353                    /usr/lib/jvm/java-8-oracle/jre/lib/amd64/libzip.so
7f701cae8000-7f701cae9000 rw-p 0001b000 08:12 4730353                    /usr/lib/jvm/java-8-oracle/jre/lib/amd64/libzip.so
7f701cae9000-7f701caf4000 r-xp 00000000 08:12 8651292                    /lib/x86_64-linux-gnu/libnss_files-2.26.so
7f701caf4000-7f701ccf3000 ---p 0000b000 08:12 8651292                    /lib/x86_64-linux-gnu/libnss_files-2.26.so
7f701ccf3000-7f701ccf4000 r--p 0000a000 08:12 8651292                    /lib/x86_64-linux-gnu/libnss_files-2.26.so
7f701ccf4000-7f701ccf5000 rw-p 0000b000 08:12 8651292                    /lib/x86_64-linux-gnu/libnss_files-2.26.so
7f701ccf5000-7f701ccfb000 rw-p 00000000 00:00 0 
7f701ccfb000-7f701cd06000 r-xp 00000000 08:12 8651294                    /lib/x86_64-linux-gnu/libnss_nis-2.26.so
7f701cd06000-7f701cf05000 ---p 0000b000 08:12 8651294                    /lib/x86_64-linux-gnu/libnss_nis-2.26.so
7f701cf05000-7f701cf06000 r--p 0000a000 08:12 8651294                    /lib/x86_64-linux-gnu/libnss_nis-2.26.so
7f701cf06000-7f701cf07000 rw-p 0000b000 08:12 8651294                    /lib/x86_64-linux-gnu/libnss_nis-2.26.so
7f701cf07000-7f701cf1e000 r-xp 00000000 08:12 8651239                    /lib/x86_64-linux-gnu/libnsl-2.26.so
7f701cf1e000-7f701d11d000 ---p 00017000 08:12 8651239                    /lib/x86_64-linux-gnu/libnsl-2.26.so
7f701d11d000-7f701d11e000 r--p 00016000 08:12 8651239                    /lib/x86_64-linux-gnu/libnsl-2.26.so
7f701d11e000-7f701d11f000 rw-p 00017000 08:12 8651239                    /lib/x86_64-linux-gnu/libnsl-2.26.so
7f701d11f000-7f701d121000 rw-p 00000000 00:00 0 
7f701d121000-7f701d129000 r-xp 00000000 08:12 8651240                    /lib/x86_64-linux-gnu/libnss_compat-2.26.so
7f701d129000-7f701d328000 ---p 00008000 08:12 8651240                    /lib/x86_64-linux-gnu/libnss_compat-2.26.so
7f701d328000-7f701d329000 r--p 00007000 08:12 8651240                    /lib/x86_64-linux-gnu/libnss_compat-2.26.so
7f701d329000-7f701d32a000 rw-p 00008000 08:12 8651240                    /lib/x86_64-linux-gnu/libnss_compat-2.26.so
7f701d32a000-7f701d355000 r-xp 00000000 08:12 4730347                    /usr/lib/jvm/java-8-oracle/jre/lib/amd64/libjava.so
7f701d355000-7f701d554000 ---p 0002b000 08:12 4730347                    /usr/lib/jvm/java-8-oracle/jre/lib/amd64/libjava.so
7f701d554000-7f701d556000 rw-p 0002a000 08:12 4730347                    /usr/lib/jvm/java-8-oracle/jre/lib/amd64/libjava.so
7f701d556000-7f701d563000 r-xp 00000000 08:12 4730352                    /usr/lib/jvm/java-8-oracle/jre/lib/amd64/libverify.so
7f701d563000-7f701d763000 ---p 0000d000 08:12 4730352                    /usr/lib/jvm/java-8-oracle/jre/lib/amd64/libverify.so
7f701d763000-7f701d765000 rw-p 0000d000 08:12 4730352                    /usr/lib/jvm/java-8-oracle/jre/lib/amd64/libverify.so
7f701d765000-7f701e438000 r-xp 00000000 08:12 4730330                    /usr/lib/jvm/java-8-oracle/jre/lib/amd64/server/libjvm.so
7f701e438000-7f701e637000 ---p 00cd3000 08:12 4730330                    /usr/lib/jvm/java-8-oracle/jre/lib/amd64/server/libjvm.so
7f701e637000-7f701e711000 rw-p 00cd2000 08:12 4730330                    /usr/lib/jvm/java-8-oracle/jre/lib/amd64/server/libjvm.so
7f701e711000-7f701e75c000 rw-p 00000000 00:00 0 
7f701e75c000-7f701e763000 r-xp 00000000 08:12 8651299                    /lib/x86_64-linux-gnu/librt-2.26.so
7f701e763000-7f701e962000 ---p 00007000 08:12 8651299                    /lib/x86_64-linux-gnu/librt-2.26.so
7f701e962000-7f701e963000 r--p 00006000 08:12 8651299                    /lib/x86_64-linux-gnu/librt-2.26.so
7f701e963000-7f701e964000 rw-p 00007000 08:12 8651299                    /lib/x86_64-linux-gnu/librt-2.26.so
7f701e964000-7f701e977000 r-xp 00000000 08:12 7082460                    /lib/x86_64-linux-gnu/libbsd.so.0.8.6
7f701e977000-7f701eb76000 ---p 00013000 08:12 7082460                    /lib/x86_64-linux-gnu/libbsd.so.0.8.6
7f701eb76000-7f701eb77000 r--p 00012000 08:12 7082460                    /lib/x86_64-linux-gnu/libbsd.so.0.8.6
7f701eb77000-7f701eb78000 rw-p 00013000 08:12 7082460                    /lib/x86_64-linux-gnu/libbsd.so.0.8.6
7f701eb78000-7f701eb79000 rw-p 00000000 00:00 0 
7f701eb79000-7f701eb7e000 r-xp 00000000 08:12 6558834                    /usr/lib/x86_64-linux-gnu/libXdmcp.so.6.0.0
7f701eb7e000-7f701ed7d000 ---p 00005000 08:12 6558834                    /usr/lib/x86_64-linux-gnu/libXdmcp.so.6.0.0
7f701ed7d000-7f701ed7e000 r--p 00004000 08:12 6558834                    /usr/lib/x86_64-linux-gnu/libXdmcp.so.6.0.0
7f701ed7e000-7f701ed7f000 rw-p 00005000 08:12 6558834                    /usr/lib/x86_64-linux-gnu/libXdmcp.so.6.0.0
7f701ed7f000-7f701ed81000 r-xp 00000000 08:12 6561677                    /usr/lib/x86_64-linux-gnu/libXau.so.6.0.0
7f701ed81000-7f701ef81000 ---p 00002000 08:12 6561677                    /usr/lib/x86_64-linux-gnu/libXau.so.6.0.0
7f701ef81000-7f701ef82000 r--p 00002000 08:12 6561677                    /usr/lib/x86_64-linux-gnu/libXau.so.6.0.0
7f701ef82000-7f701ef83000 rw-p 00003000 08:12 6561677                    /usr/lib/x86_64-linux-gnu/libXau.so.6.0.0
7f701ef83000-7f701efa9000 r-xp 00000000 08:12 6558837                    /usr/lib/x86_64-linux-gnu/libxcb.so.1.1.0
7f701efa9000-7f701f1a8000 ---p 00026000 08:12 6558837                    /usr/lib/x86_64-linux-gnu/libxcb.so.1.1.0
7f701f1a8000-7f701f1a9000 r--p 00025000 08:12 6558837                    /usr/lib/x86_64-linux-gnu/libxcb.so.1.1.0
7f701f1a9000-7f701f1aa000 rw-p 00026000 08:12 6558837                    /usr/lib/x86_64-linux-gnu/libxcb.so.1.1.0
7f701f1aa000-7f701f2ff000 r-xp 00000000 08:12 7124084                    /lib/x86_64-linux-gnu/libm-2.26.so
7f701f2ff000-7f701f4fe000 ---p 00155000 08:12 7124084                    /lib/x86_64-linux-gnu/libm-2.26.so
7f701f4fe000-7f701f4ff000 r--p 00154000 08:12 7124084                    /lib/x86_64-linux-gnu/libm-2.26.so
7f701f4ff000-7f701f500000 rw-p 00155000 08:12 7124084                    /lib/x86_64-linux-gnu/libm-2.26.so
7f701f500000-7f701f511000 r-xp 00000000 08:12 6561690                    /usr/lib/x86_64-linux-gnu/libXext.so.6.4.0
7f701f511000-7f701f710000 ---p 00011000 08:12 6561690                    /usr/lib/x86_64-linux-gnu/libXext.so.6.4.0
7f701f710000-7f701f711000 r--p 00010000 08:12 6561690                    /usr/lib/x86_64-linux-gnu/libXext.so.6.4.0
7f701f711000-7f701f712000 rw-p 00011000 08:12 6561690                    /usr/lib/x86_64-linux-gnu/libXext.so.6.4.0
7f701f712000-7f701f846000 r-xp 00000000 08:12 6558839                    /usr/lib/x86_64-linux-gnu/libX11.so.6.3.0
7f701f846000-7f701fa46000 ---p 00134000 08:12 6558839                    /usr/lib/x86_64-linux-gnu/libX11.so.6.3.0
7f701fa46000-7f701fa47000 r--p 00134000 08:12 6558839                    /usr/lib/x86_64-linux-gnu/libX11.so.6.3.0
7f701fa47000-7f701fa4b000 rw-p 00135000 08:12 6558839                    /usr/lib/x86_64-linux-gnu/libX11.so.6.3.0
7f701fa4b000-7f7020e69000 r-xp 00000000 08:12 6561783                    /usr/lib/nvidia-390/libnvidia-glcore.so.390.48
7f7020e69000-7f7020e8a000 rwxp 0141e000 08:12 6561783                    /usr/lib/nvidia-390/libnvidia-glcore.so.390.48
7f7020e8a000-7f70212bf000 r-xp 0143f000 08:12 6561783                    /usr/lib/nvidia-390/libnvidia-glcore.so.390.48
7f70212bf000-7f70214bf000 ---p 01874000 08:12 6561783                    /usr/lib/nvidia-390/libnvidia-glcore.so.390.48
7f70214bf000-7f7021832000 rw-p 01874000 08:12 6561783                    /usr/lib/nvidia-390/libnvidia-glcore.so.390.48
7f7021832000-7f702184b000 rw-p 00000000 00:00 0 
7f702184b000-7f702184e000 r-xp 00000000 08:12 6561799                    /usr/lib/nvidia-390/tls/libnvidia-tls.so.390.48
7f702184e000-7f7021a4e000 ---p 00003000 08:12 6561799                    /usr/lib/nvidia-390/tls/libnvidia-tls.so.390.48
7f7021a4e000-7f7021a4f000 rw-p 00003000 08:12 6561799                    /usr/lib/nvidia-390/tls/libnvidia-tls.so.390.48
7f7021a4f000-7f7021c25000 r-xp 00000000 08:12 7082961                    /lib/x86_64-linux-gnu/libc-2.26.so
7f7021c25000-7f7021e25000 ---p 001d6000 08:12 7082961                    /lib/x86_64-linux-gnu/libc-2.26.so
7f7021e25000-7f7021e29000 r--p 001d6000 08:12 7082961                    /lib/x86_64-linux-gnu/libc-2.26.so
7f7021e29000-7f7021e2b000 rw-p 001da000 08:12 7082961                    /lib/x86_64-linux-gnu/libc-2.26.so
7f7021e2b000-7f7021e2f000 rw-p 00000000 00:00 0 
7f7021e2f000-7f7021e32000 r-xp 00000000 08:12 7121397                    /lib/x86_64-linux-gnu/libdl-2.26.so
7f7021e32000-7f7022031000 ---p 00003000 08:12 7121397                    /lib/x86_64-linux-gnu/libdl-2.26.so
7f7022031000-7f7022032000 r--p 00002000 08:12 7121397                    /lib/x86_64-linux-gnu/libdl-2.26.so
7f7022032000-7f7022033000 rw-p 00003000 08:12 7121397                    /lib/x86_64-linux-gnu/libdl-2.26.so
7f7022033000-7f7022049000 r-xp 00000000 08:12 4730325                    /usr/lib/jvm/java-8-oracle/jre/lib/amd64/jli/libjli.so
7f7022049000-7f7022248000 ---p 00016000 08:12 4730325                    /usr/lib/jvm/java-8-oracle/jre/lib/amd64/jli/libjli.so
7f7022248000-7f7022249000 rw-p 00015000 08:12 4730325                    /usr/lib/jvm/java-8-oracle/jre/lib/amd64/jli/libjli.so
7f7022249000-7f7022263000 r-xp 00000000 08:12 8651297                    /lib/x86_64-linux-gnu/libpthread-2.26.so
7f7022263000-7f7022462000 ---p 0001a000 08:12 8651297                    /lib/x86_64-linux-gnu/libpthread-2.26.so
7f7022462000-7f7022463000 r--p 00019000 08:12 8651297                    /lib/x86_64-linux-gnu/libpthread-2.26.so
7f7022463000-7f7022464000 rw-p 0001a000 08:12 8651297                    /lib/x86_64-linux-gnu/libpthread-2.26.so
7f7022464000-7f7022468000 rw-p 00000000 00:00 0 
7f7022468000-7f7022531000 r-xp 00000000 08:12 6561749                    /usr/lib/nvidia-390/libGL.so.390.48
7f7022531000-7f7022565000 rwxp 000c9000 08:12 6561749                    /usr/lib/nvidia-390/libGL.so.390.48
7f7022565000-7f7022579000 r-xp 000fd000 08:12 6561749                    /usr/lib/nvidia-390/libGL.so.390.48
7f7022579000-7f7022779000 ---p 00111000 08:12 6561749                    /usr/lib/nvidia-390/libGL.so.390.48
7f7022779000-7f702279e000 rw-p 00111000 08:12 6561749                    /usr/lib/nvidia-390/libGL.so.390.48
7f702279e000-7f70227a5000 rw-p 00000000 00:00 0 
7f70227a5000-7f702282b000 r-xp 00000000 08:12 6577473                    /usr/lib/x86_64-linux-gnu/libGLEW.so.2.0.0
7f702282b000-7f7022a2b000 ---p 00086000 08:12 6577473                    /usr/lib/x86_64-linux-gnu/libGLEW.so.2.0.0
7f7022a2b000-7f7022a34000 r--p 00086000 08:12 6577473                    /usr/lib/x86_64-linux-gnu/libGLEW.so.2.0.0
7f7022a34000-7f7022a35000 rw-p 0008f000 08:12 6577473                    /usr/lib/x86_64-linux-gnu/libGLEW.so.2.0.0
7f7022a35000-7f7022a3a000 rw-p 00000000 00:00 0 
7f7022a3a000-7f7022a4b000 r-xp 00000000 08:12 7079367                    /lib/x86_64-linux-gnu/ld-2.26.so
7f7022a4b000-7f7022a4c000 r-xp 00011000 08:12 7079367                    /lib/x86_64-linux-gnu/ld-2.26.so
7f7022a4c000-7f7022a61000 r-xp 00012000 08:12 7079367                    /lib/x86_64-linux-gnu/ld-2.26.so
7f7022a61000-7f7022b0c000 rw-p 00000000 00:00 0 
7f7022b0c000-7f7022b0f000 ---p 00000000 00:00 0 
7f7022b0f000-7f7022c16000 rw-p 00000000 00:00 0 
7f7022c18000-7f7022c33000 rw-p 00000000 00:00 0 
7f7022c33000-7f7022c3b000 rw-s 00000000 08:12 1049453                    /tmp/hsperfdata_abawi/25642
7f7022c3b000-7f7022c44000 rw-p 00000000 00:00 0 
7f7022c44000-7f7022c45000 ---p 00000000 00:00 0 
7f7022c45000-7f7022c5b000 rw-p 00000000 00:00 0 
7f7022c5b000-7f7022c5c000 rw-p 00000000 00:00 0 
7f7022c5c000-7f7022c5d000 r--p 00000000 00:00 0 
7f7022c5d000-7f7022c5e000 rw-p 00000000 00:00 0 
7f7022c5e000-7f7022c5f000 r--p 00000000 00:00 0 
7f7022c5f000-7f7022c61000 rw-p 00000000 00:00 0 
7f7022c61000-7f7022c62000 r--p 00027000 08:12 7079367                    /lib/x86_64-linux-gnu/ld-2.26.so
7f7022c62000-7f7022c63000 rw-p 00028000 08:12 7079367                    /lib/x86_64-linux-gnu/ld-2.26.so
7f7022c63000-7f7022c64000 rw-p 00000000 00:00 0 
7ffe27066000-7ffe27088000 rw-p 00000000 00:00 0                          [stack]
7ffe270de000-7ffe270e1000 r--p 00000000 00:00 0                          [vvar]
7ffe270e1000-7ffe270e3000 r-xp 00000000 00:00 0                          [vdso]
ffffffffff600000-ffffffffff601000 r-xp 00000000 00:00 0                  [vsyscall]

VM Arguments:
jvm_args: -Xmx2G 
java_command: meteor-1.5.jar - - -stdio -l en -norm
java_class_path (initial): meteor-1.5.jar
Launcher Type: SUN_STANDARD

Environment Variables:
JAVA_HOME=/usr/lib/jvm/java-8-oracle
PATH=/usr/local/cuda-9.1/bin:/usr/local/cuda-9.0/bin:/home/abawi/PycharmProjects/THESIS/NEW/venv2/bin:/home/abawi/bin:/home/abawi/.local/bin:/usr/local/sbin:/usr/local/bin:/usr/sbin:/usr/bin:/sbin:/bin:/usr/games:/usr/local/games:/snap/bin:/usr/lib/jvm/java-8-oracle/bin:/usr/lib/jvm/java-8-oracle/db/bin:/usr/lib/jvm/java-8-oracle/jre/bin
USERNAME=abawi
LD_LIBRARY_PATH=/home/abawi/.mujoco/mjpro150/bin:/usr/lib/nvidia-390:/usr/local/cuda-9.0/lib64:/usr/local/cuda-9.1/lib64
LD_PRELOAD=/usr/lib/x86_64-linux-gnu/libGLEW.so:/usr/lib/nvidia-390/libGL.so
SHELL=/bin/bash
DISPLAY=:1

Signal Handlers:
SIGSEGV: [libjvm.so+0xacbe10], sa_mask[0]=11111111011111111101111111111110, sa_flags=SA_RESTART|SA_SIGINFO
SIGBUS: [libjvm.so+0xacbe10], sa_mask[0]=11111111011111111101111111111110, sa_flags=SA_RESTART|SA_SIGINFO
SIGFPE: [libjvm.so+0x924f90], sa_mask[0]=11111111011111111101111111111110, sa_flags=SA_RESTART|SA_SIGINFO
SIGPIPE: [libjvm.so+0x924f90], sa_mask[0]=11111111011111111101111111111110, sa_flags=SA_RESTART|SA_SIGINFO
SIGXFSZ: [libjvm.so+0x924f90], sa_mask[0]=11111111011111111101111111111110, sa_flags=SA_RESTART|SA_SIGINFO
SIGILL: [libjvm.so+0x924f90], sa_mask[0]=11111111011111111101111111111110, sa_flags=SA_RESTART|SA_SIGINFO
SIGUSR1: SIG_DFL, sa_mask[0]=00000000000000000000000000000000, sa_flags=none
SIGUSR2: [libjvm.so+0x9267d0], sa_mask[0]=00100000000000000000000000000000, sa_flags=SA_RESTART|SA_SIGINFO
SIGHUP: [libjvm.so+0x927bd0], sa_mask[0]=11111111011111111101111111111110, sa_flags=SA_RESTART|SA_SIGINFO
SIGINT: [libjvm.so+0x927bd0], sa_mask[0]=11111111011111111101111111111110, sa_flags=SA_RESTART|SA_SIGINFO
SIGTERM: [libjvm.so+0x927bd0], sa_mask[0]=11111111011111111101111111111110, sa_flags=SA_RESTART|SA_SIGINFO
SIGQUIT: [libjvm.so+0x927bd0], sa_mask[0]=11111111011111111101111111111110, sa_flags=SA_RESTART|SA_SIGINFO


---------------  S Y S T E M  ---------------

OS:DISTRIB_ID=Ubuntu
DISTRIB_RELEASE=17.10
DISTRIB_CODENAME=artful
DISTRIB_DESCRIPTION="Ubuntu 17.10"

uname:Linux 4.13.0-46-generic #51-Ubuntu SMP Tue Jun 12 12:36:29 UTC 2018 x86_64
libc:glibc 2.26 NPTL 2.26 
rlimit: STACK 8192k, CORE 0k, NPROC 30886, NOFILE 1048576, AS infinity
load average:2.46 1.46 0.89

/proc/meminfo:
MemTotal:        8032556 kB
MemFree:          126988 kB
MemAvailable:      61572 kB
Buffers:            3992 kB
Cached:           248020 kB
SwapCached:            0 kB
Active:          7064228 kB
Inactive:         211808 kB
Active(anon):    7039944 kB
Inactive(anon):   171332 kB
Active(file):      24284 kB
Inactive(file):    40476 kB
Unevictable:       11136 kB
Mlocked:           11136 kB
SwapTotal:             0 kB
SwapFree:              0 kB
Dirty:                88 kB
Writeback:             0 kB
AnonPages:       7035368 kB
Mapped:           376312 kB
Shmem:            187044 kB
Slab:             226836 kB
SReclaimable:      86288 kB
SUnreclaim:       140548 kB
KernelStack:       16208 kB
PageTables:        85136 kB
NFS_Unstable:          0 kB
Bounce:                0 kB
WritebackTmp:          0 kB
CommitLimit:     4016276 kB
Committed_AS:   17817832 kB
VmallocTotal:   34359738367 kB
VmallocUsed:           0 kB
VmallocChunk:          0 kB
HardwareCorrupted:     0 kB
AnonHugePages:         0 kB
ShmemHugePages:        0 kB
ShmemPmdMapped:        0 kB
CmaTotal:              0 kB
CmaFree:               0 kB
HugePages_Total:       0
HugePages_Free:        0
HugePages_Rsvd:        0
HugePages_Surp:        0
Hugepagesize:       2048 kB
DirectMap4k:     1096308 kB
DirectMap2M:     7157760 kB
DirectMap1G:           0 kB


CPU:total 8 (initial active 8) (4 cores per cpu, 2 threads per core) family 6 model 158 stepping 9, cmov, cx8, fxsr, mmx, sse, sse2, sse3, ssse3, sse4.1, sse4.2, popcnt, avx, avx2, aes, clmul, erms, 3dnowpref, lzcnt, ht, tsc, tscinvbit, bmi1, bmi2, adx

/proc/cpuinfo:
processor	: 0
vendor_id	: GenuineIntel
cpu family	: 6
model		: 158
model name	: Intel(R) Core(TM) i7-7700HQ CPU @ 2.80GHz
stepping	: 9
microcode	: 0x84
cpu MHz		: 1480.899
cache size	: 6144 KB
physical id	: 0
siblings	: 8
core id		: 0
cpu cores	: 4
apicid		: 0
initial apicid	: 0
fpu		: yes
fpu_exception	: yes
cpuid level	: 22
wp		: yes
flags		: fpu vme de pse tsc msr pae mce cx8 apic sep mtrr pge mca cmov pat pse36 clflush dts acpi mmx fxsr sse sse2 ss ht tm pbe syscall nx pdpe1gb rdtscp lm constant_tsc art arch_perfmon pebs bts rep_good nopl xtopology nonstop_tsc cpuid aperfmperf tsc_known_freq pni pclmulqdq dtes64 monitor ds_cpl vmx est tm2 ssse3 sdbg fma cx16 xtpr pdcm pcid sse4_1 sse4_2 x2apic movbe popcnt tsc_deadline_timer aes xsave avx f16c rdrand lahf_lm abm 3dnowprefetch cpuid_fault epb invpcid_single pti retpoline intel_pt rsb_ctxsw spec_ctrl tpr_shadow vnmi flexpriority ept vpid fsgsbase tsc_adjust bmi1 avx2 smep bmi2 erms invpcid mpx rdseed adx smap clflushopt xsaveopt xsavec xgetbv1 xsaves dtherm ida arat pln pts hwp hwp_notify hwp_act_window hwp_epp
bugs		: cpu_meltdown spectre_v1 spectre_v2 spec_store_bypass
bogomips	: 5616.00
clflush size	: 64
cache_alignment	: 64
address sizes	: 39 bits physical, 48 bits virtual
power management:

processor	: 1
vendor_id	: GenuineIntel
cpu family	: 6
model		: 158
model name	: Intel(R) Core(TM) i7-7700HQ CPU @ 2.80GHz
stepping	: 9
microcode	: 0x84
cpu MHz		: 1600.135
cache size	: 6144 KB
physical id	: 0
siblings	: 8
core id		: 1
cpu cores	: 4
apicid		: 2
initial apicid	: 2
fpu		: yes
fpu_exception	: yes
cpuid level	: 22
wp		: yes
flags		: fpu vme de pse tsc msr pae mce cx8 apic sep mtrr pge mca cmov pat pse36 clflush dts acpi mmx fxsr sse sse2 ss ht tm pbe syscall nx pdpe1gb rdtscp lm constant_tsc art arch_perfmon pebs bts rep_good nopl xtopology nonstop_tsc cpuid aperfmperf tsc_known_freq pni pclmulqdq dtes64 monitor ds_cpl vmx est tm2 ssse3 sdbg fma cx16 xtpr pdcm pcid sse4_1 sse4_2 x2apic movbe popcnt tsc_deadline_timer aes xsave avx f16c rdrand lahf_lm abm 3dnowprefetch cpuid_fault epb invpcid_single pti retpoline intel_pt rsb_ctxsw spec_ctrl tpr_shadow vnmi flexpriority ept vpid fsgsbase tsc_adjust bmi1 avx2 smep bmi2 erms invpcid mpx rdseed adx smap clflushopt xsaveopt xsavec xgetbv1 xsaves dtherm ida arat pln pts hwp hwp_notify hwp_act_window hwp_epp
bugs		: cpu_meltdown spectre_v1 spectre_v2 spec_store_bypass
bogomips	: 5616.00
clflush size	: 64
cache_alignment	: 64
address sizes	: 39 bits physical, 48 bits virtual
power management:

processor	: 2
vendor_id	: GenuineIntel
cpu family	: 6
model		: 158
model name	: Intel(R) Core(TM) i7-7700HQ CPU @ 2.80GHz
stepping	: 9
microcode	: 0x84
cpu MHz		: 1599.948
cache size	: 6144 KB
physical id	: 0
siblings	: 8
core id		: 2
cpu cores	: 4
apicid		: 4
initial apicid	: 4
fpu		: yes
fpu_exception	: yes
cpuid level	: 22
wp		: yes
flags		: fpu vme de pse tsc msr pae mce cx8 apic sep mtrr pge mca cmov pat pse36 clflush dts acpi mmx fxsr sse sse2 ss ht tm pbe syscall nx pdpe1gb rdtscp lm constant_tsc art arch_perfmon pebs bts rep_good nopl xtopology nonstop_tsc cpuid aperfmperf tsc_known_freq pni pclmulqdq dtes64 monitor ds_cpl vmx est tm2 ssse3 sdbg fma cx16 xtpr pdcm pcid sse4_1 sse4_2 x2apic movbe popcnt tsc_deadline_timer aes xsave avx f16c rdrand lahf_lm abm 3dnowprefetch cpuid_fault epb invpcid_single pti retpoline intel_pt rsb_ctxsw spec_ctrl tpr_shadow vnmi flexpriority ept vpid fsgsbase tsc_adjust bmi1 avx2 smep bmi2 erms invpcid mpx rdseed adx smap clflushopt xsaveopt xsavec xgetbv1 xsaves dtherm ida arat pln pts hwp hwp_notify hwp_act_window hwp_epp
bugs		: cpu_meltdown spectre_v1 spectre_v2 spec_store_bypass
bogomips	: 5616.00
clflush size	: 64
cache_alignment	: 64
address sizes	: 39 bits physical, 48 bits virtual
power management:

processor	: 3
vendor_id	: GenuineIntel
cpu family	: 6
model		: 158
model name	: Intel(R) Core(TM) i7-7700HQ CPU @ 2.80GHz
stepping	: 9
microcode	: 0x84
cpu MHz		: 1600.203
cache size	: 6144 KB
physical id	: 0
siblings	: 8
core id		: 3
cpu cores	: 4
apicid		: 6
initial apicid	: 6
fpu		: yes
fpu_exception	: yes
cpuid level	: 22
wp		: yes
flags		: fpu vme de pse tsc msr pae mce cx8 apic sep mtrr pge mca cmov pat pse36 clflush dts acpi mmx fxsr sse sse2 ss ht tm pbe syscall nx pdpe1gb rdtscp lm constant_tsc art arch_perfmon pebs bts rep_good nopl xtopology nonstop_tsc cpuid aperfmperf tsc_known_freq pni pclmulqdq dtes64 monitor ds_cpl vmx est tm2 ssse3 sdbg fma cx16 xtpr pdcm pcid sse4_1 sse4_2 x2apic movbe popcnt tsc_deadline_timer aes xsave avx f16c rdrand lahf_lm abm 3dnowprefetch cpuid_fault epb invpcid_single pti retpoline intel_pt rsb_ctxsw spec_ctrl tpr_shadow vnmi flexpriority ept vpid fsgsbase tsc_adjust bmi1 avx2 smep bmi2 erms invpcid mpx rdseed adx smap clflushopt xsaveopt xsavec xgetbv1 xsaves dtherm ida arat pln pts hwp hwp_notify hwp_act_window hwp_epp
bugs		: cpu_meltdown spectre_v1 spectre_v2 spec_store_bypass
bogomips	: 5616.00
clflush size	: 64
cache_alignment	: 64
address sizes	: 39 bits physical, 48 bits virtual
power management:

processor	: 4
vendor_id	: GenuineIntel
cpu family	: 6
model		: 158
model name	: Intel(R) Core(TM) i7-7700HQ CPU @ 2.80GHz
stepping	: 9
microcode	: 0x84
cpu MHz		: 1300.914
cache size	: 6144 KB
physical id	: 0
siblings	: 8
core id		: 0
cpu cores	: 4
apicid		: 1
initial apicid	: 1
fpu		: yes
fpu_exception	: yes
cpuid level	: 22
wp		: yes
flags		: fpu vme de pse tsc msr pae mce cx8 apic sep mtrr pge mca cmov pat pse36 clflush dts acpi mmx fxsr sse sse2 ss ht tm pbe syscall nx pdpe1gb rdtscp lm constant_tsc art arch_perfmon pebs bts rep_good nopl xtopology nonstop_tsc cpuid aperfmperf tsc_known_freq pni pclmulqdq dtes64 monitor ds_cpl vmx est tm2 ssse3 sdbg fma cx16 xtpr pdcm pcid sse4_1 sse4_2 x2apic movbe popcnt tsc_deadline_timer aes xsave avx f16c rdrand lahf_lm abm 3dnowprefetch cpuid_fault epb invpcid_single pti retpoline intel_pt rsb_ctxsw spec_ctrl tpr_shadow vnmi flexpriority ept vpid fsgsbase tsc_adjust bmi1 avx2 smep bmi2 erms invpcid mpx rdseed adx smap clflushopt xsaveopt xsavec xgetbv1 xsaves dtherm ida arat pln pts hwp hwp_notify hwp_act_window hwp_epp
bugs		: cpu_meltdown spectre_v1 spectre_v2 spec_store_bypass
bogomips	: 5616.00
clflush size	: 64
cache_alignment	: 64
address sizes	: 39 bits physical, 48 bits virtual
power management:

processor	: 5
vendor_id	: GenuineIntel
cpu family	: 6
model		: 158
model name	: Intel(R) Core(TM) i7-7700HQ CPU @ 2.80GHz
stepping	: 9
microcode	: 0x84
cpu MHz		: 1349.926
cache size	: 6144 KB
physical id	: 0
siblings	: 8
core id		: 1
cpu cores	: 4
apicid		: 3
initial apicid	: 3
fpu		: yes
fpu_exception	: yes
cpuid level	: 22
wp		: yes
flags		: fpu vme de pse tsc msr pae mce cx8 apic sep mtrr pge mca cmov pat pse36 clflush dts acpi mmx fxsr sse sse2 ss ht tm pbe syscall nx pdpe1gb rdtscp lm constant_tsc art arch_perfmon pebs bts rep_good nopl xtopology nonstop_tsc cpuid aperfmperf tsc_known_freq pni pclmulqdq dtes64 monitor ds_cpl vmx est tm2 ssse3 sdbg fma cx16 xtpr pdcm pcid sse4_1 sse4_2 x2apic movbe popcnt tsc_deadline_timer aes xsave avx f16c rdrand lahf_lm abm 3dnowprefetch cpuid_fault epb invpcid_single pti retpoline intel_pt rsb_ctxsw spec_ctrl tpr_shadow vnmi flexpriority ept vpid fsgsbase tsc_adjust bmi1 avx2 smep bmi2 erms invpcid mpx rdseed adx smap clflushopt xsaveopt xsavec xgetbv1 xsaves dtherm ida arat pln pts hwp hwp_notify hwp_act_window hwp_epp
bugs		: cpu_meltdown spectre_v1 spectre_v2 spec_store_bypass
bogomips	: 5616.00
clflush size	: 64
cache_alignment	: 64
address sizes	: 39 bits physical, 48 bits virtual
power management:

processor	: 6
vendor_id	: GenuineIntel
cpu family	: 6
model		: 158
model name	: Intel(R) Core(TM) i7-7700HQ CPU @ 2.80GHz
stepping	: 9
microcode	: 0x84
cpu MHz		: 1600.002
cache size	: 6144 KB
physical id	: 0
siblings	: 8
core id		: 2
cpu cores	: 4
apicid		: 5
initial apicid	: 5
fpu		: yes
fpu_exception	: yes
cpuid level	: 22
wp		: yes
flags		: fpu vme de pse tsc msr pae mce cx8 apic sep mtrr pge mca cmov pat pse36 clflush dts acpi mmx fxsr sse sse2 ss ht tm pbe syscall nx pdpe1gb rdtscp lm constant_tsc art arch_perfmon pebs bts rep_good nopl xtopology nonstop_tsc cpuid aperfmperf tsc_known_freq pni pclmulqdq dtes64 monitor ds_cpl vmx est tm2 ssse3 sdbg fma cx16 xtpr pdcm pcid sse4_1 sse4_2 x2apic movbe popcnt tsc_deadline_timer aes xsave avx f16c rdrand lahf_lm abm 3dnowprefetch cpuid_fault epb invpcid_single pti retpoline intel_pt rsb_ctxsw spec_ctrl tpr_shadow vnmi flexpriority ept vpid fsgsbase tsc_adjust bmi1 avx2 smep bmi2 erms invpcid mpx rdseed adx smap clflushopt xsaveopt xsavec xgetbv1 xsaves dtherm ida arat pln pts hwp hwp_notify hwp_act_window hwp_epp
bugs		: cpu_meltdown spectre_v1 spectre_v2 spec_store_bypass
bogomips	: 5616.00
clflush size	: 64
cache_alignment	: 64
address sizes	: 39 bits physical, 48 bits virtual
power management:

processor	: 7
vendor_id	: GenuineIntel
cpu family	: 6
model		: 158
model name	: Intel(R) Core(TM) i7-7700HQ CPU @ 2.80GHz
stepping	: 9
microcode	: 0x84
cpu MHz		: 1600.537
cache size	: 6144 KB
physical id	: 0
siblings	: 8
core id		: 3
cpu cores	: 4
apicid		: 7
initial apicid	: 7
fpu		: yes
fpu_exception	: yes
cpuid level	: 22
wp		: yes
flags		: fpu vme de pse tsc msr pae mce cx8 apic sep mtrr pge mca cmov pat pse36 clflush dts acpi mmx fxsr sse sse2 ss ht tm pbe syscall nx pdpe1gb rdtscp lm constant_tsc art arch_perfmon pebs bts rep_good nopl xtopology nonstop_tsc cpuid aperfmperf tsc_known_freq pni pclmulqdq dtes64 monitor ds_cpl vmx est tm2 ssse3 sdbg fma cx16 xtpr pdcm pcid sse4_1 sse4_2 x2apic movbe popcnt tsc_deadline_timer aes xsave avx f16c rdrand lahf_lm abm 3dnowprefetch cpuid_fault epb invpcid_single pti retpoline intel_pt rsb_ctxsw spec_ctrl tpr_shadow vnmi flexpriority ept vpid fsgsbase tsc_adjust bmi1 avx2 smep bmi2 erms invpcid mpx rdseed adx smap clflushopt xsaveopt xsavec xgetbv1 xsaves dtherm ida arat pln pts hwp hwp_notify hwp_act_window hwp_epp
bugs		: cpu_meltdown spectre_v1 spectre_v2 spec_store_bypass
bogomips	: 5616.00
clflush size	: 64
cache_alignment	: 64
address sizes	: 39 bits physical, 48 bits virtual
power management:



Memory: 4k page, physical 8032556k(126524k free), swap 0k(0k free)

vm_info: Java HotSpot(TM) 64-Bit Server VM (25.151-b12) for linux-amd64 JRE (1.8.0_151-b12), built on Sep  5 2017 19:20:58 by "java_re" with gcc 4.3.0 20080428 (Red Hat 4.3.0-8)

time: Fri Dec 14 18:55:05 2018
elapsed time: 24 seconds (0d 0h 0m 24s)

